2024-05-26 12:15:40,756 - INFO - ('Current icons color ', None, 'New icons color', '#ffffff')
2024-05-26 12:15:40,758 - INFO - Generating icons for your theme, please wait. This may take long
2024-05-26 12:15:41,014 - INFO - ('DONE: Current icons color ', '#ffffff')
2024-05-28 11:08:07,517 - INFO - Checking icons for Default-theme theme. Icons color: #ffffff
2024-05-28 11:08:08,220 - INFO - Checking icons for Default-theme theme. Icons color: #ffffff
2024-05-28 11:08:08,474 - INFO - Checking icons for qt designer app.
2024-05-28 11:08:08,755 - INFO - all icons have been checked and missing icons generated!
2024-05-28 11:14:09,607 - INFO - Checking icons for Default-theme theme. Icons color: #ffffff
2024-05-28 11:14:09,935 - INFO - Checking icons for Default-theme theme. Icons color: #ffffff
2024-05-28 11:14:10,185 - INFO - Checking icons for qt designer app.
2024-05-28 11:14:10,468 - INFO - all icons have been checked and missing icons generated!
2024-05-28 11:14:33,096 - INFO - Checking icons for Default-theme theme. Icons color: #ffffff
2024-05-28 11:14:33,366 - INFO - Checking icons for Default-theme theme. Icons color: #ffffff
2024-05-28 11:14:33,632 - INFO - Checking icons for qt designer app.
2024-05-28 11:14:33,962 - INFO - all icons have been checked and missing icons generated!
2024-05-28 11:14:48,761 - INFO - Checking icons for Default-theme theme. Icons color: #ffffff
2024-05-28 11:14:49,033 - INFO - Checking icons for Default-theme theme. Icons color: #ffffff
2024-05-28 11:14:49,281 - INFO - Checking icons for qt designer app.
2024-05-28 11:14:49,543 - INFO - all icons have been checked and missing icons generated!
2024-05-28 11:34:19,567 - INFO - Checking icons for Default-theme theme. Icons color: #ffffff
2024-05-28 11:34:19,822 - INFO - Checking icons for Default-theme theme. Icons color: #ffffff
2024-05-28 11:34:20,067 - INFO - Checking icons for qt designer app.
2024-05-28 11:34:20,330 - INFO - all icons have been checked and missing icons generated!
2024-05-28 11:39:01,573 - INFO - Checking icons for Default-theme theme. Icons color: #ffffff
2024-05-28 11:39:01,852 - INFO - Checking icons for Default-theme theme. Icons color: #ffffff
2024-05-28 11:39:02,168 - INFO - Checking icons for qt designer app.
2024-05-28 11:39:02,438 - INFO - all icons have been checked and missing icons generated!
2024-05-28 11:40:41,978 - INFO - Checking icons for Default-theme theme. Icons color: #ffffff
2024-05-28 11:40:42,253 - INFO - Checking icons for Default-theme theme. Icons color: #ffffff
2024-05-28 11:40:42,518 - INFO - Checking icons for qt designer app.
2024-05-28 11:40:42,781 - INFO - all icons have been checked and missing icons generated!
2024-05-28 11:42:22,052 - INFO - Checking icons for Default-theme theme. Icons color: #ffffff
2024-05-28 11:42:22,308 - INFO - Checking icons for Default-theme theme. Icons color: #ffffff
2024-05-28 11:42:22,572 - INFO - Checking icons for qt designer app.
2024-05-28 11:42:22,846 - INFO - all icons have been checked and missing icons generated!
2024-05-28 11:43:02,653 - INFO - Checking icons for Default-theme theme. Icons color: #ffffff
2024-05-28 11:43:02,936 - INFO - Checking icons for Default-theme theme. Icons color: #ffffff
2024-05-28 11:43:03,188 - INFO - Checking icons for qt designer app.
2024-05-28 11:43:03,454 - INFO - all icons have been checked and missing icons generated!
2024-05-28 11:44:12,813 - INFO - Checking icons for Default-theme theme. Icons color: #ffffff
2024-05-28 11:44:13,094 - INFO - Checking icons for Default-theme theme. Icons color: #ffffff
2024-05-28 11:44:13,376 - INFO - Checking icons for qt designer app.
2024-05-28 11:44:13,660 - INFO - all icons have been checked and missing icons generated!
2024-05-28 15:56:26,127 - INFO - Checking icons for Default-theme theme. Icons color: #ffffff
2024-05-28 15:56:26,356 - INFO - Checking icons for Default-theme theme. Icons color: #ffffff
2024-05-28 15:56:26,572 - INFO - Checking icons for qt designer app.
2024-05-28 15:56:26,799 - INFO - all icons have been checked and missing icons generated!
2024-05-28 15:58:29,550 - INFO - Checking icons for Default-theme theme. Icons color: #ffffff
2024-05-28 15:58:29,785 - INFO - Checking icons for Default-theme theme. Icons color: #ffffff
2024-05-28 15:58:30,010 - INFO - Checking icons for qt designer app.
2024-05-28 15:58:30,264 - INFO - all icons have been checked and missing icons generated!
2024-05-28 16:01:04,268 - INFO - Checking icons for Default-theme theme. Icons color: #ffffff
2024-05-28 16:01:04,506 - INFO - Checking icons for Default-theme theme. Icons color: #ffffff
2024-05-28 16:01:05,357 - INFO - Checking icons for qt designer app.
2024-05-28 16:01:05,744 - INFO - all icons have been checked and missing icons generated!
2024-05-28 16:03:45,805 - INFO - Checking icons for Default-theme theme. Icons color: #ffffff
2024-05-28 16:03:46,040 - INFO - Checking icons for Default-theme theme. Icons color: #ffffff
2024-05-28 16:03:46,270 - INFO - Checking icons for qt designer app.
2024-05-28 16:03:46,509 - INFO - all icons have been checked and missing icons generated!
2024-05-28 16:05:51,518 - INFO - Checking icons for Default-theme theme. Icons color: #ffffff
2024-05-28 16:05:51,785 - INFO - Checking icons for Default-theme theme. Icons color: #ffffff
2024-05-28 16:05:52,025 - INFO - Checking icons for qt designer app.
2024-05-28 16:05:52,270 - INFO - all icons have been checked and missing icons generated!
